<?xml version="1.0" encoding="UTF-8"?>
<!-- Generated by org.testng.reporters.JUnitXMLReporter -->
<testsuite hostname="LT-2RHDCK3" ignored="0" name="Parallel Tests" tests="5" failures="0" timestamp="2023-03-02T19:07:54 EET" time="42.589" errors="0">
  <testcase name="MetodaTest" time="1.409" classname="Tests.LoginTest"/>
  <testcase name="MetodaTest" time="3.927" classname="Tests.RegisterTest"/>
  <testcase name="MetodaTest" time="3.998" classname="Tests.WindowTest"/>
  <testcase name="MetodaTest" time="4.868" classname="Tests.AlertTest"/>
  <testcase name="MetodaTest" time="33.573" classname="Tests.FrameTest"/>
</testsuite> <!-- Parallel Tests -->
