<?xml version="1.0" encoding="UTF-8"?>
<!-- Generated by org.testng.reporters.JUnitXMLReporter -->
<testsuite hostname="LT-2RHDCK3" ignored="0" name="Parallel Tests" tests="5" failures="0" timestamp="2023-03-02T16:05:51 EET" time="39.214" errors="0">
  <testcase name="MetodaTest" time="1.198" classname="Tests.LoginTest"/>
  <testcase name="MetodaTest" time="5.394" classname="Tests.AlertTest"/>
  <testcase name="MetodaTest" time="5.987" classname="Tests.RegisterTest"/>
  <testcase name="MetodaTest" time="6.119" classname="Tests.WindowTest"/>
  <testcase name="MetodaTest" time="35.193" classname="Tests.FrameTest"/>
</testsuite> <!-- Parallel Tests -->
