<?xml version="1.0" encoding="UTF-8"?>
<testng-results skipped="0" failed="0" ignored="0" total="5" passed="5">
  <reporter-output>
  </reporter-output>
  <suite name="Testing Suite" duration-ms="40238" started-at="2023-03-02T16:42:13 EET" finished-at="2023-03-02T16:42:53 EET">
    <groups>
    </groups>
    <test name="Parallel Tests" duration-ms="40238" started-at="2023-03-02T16:42:13 EET" finished-at="2023-03-02T16:42:53 EET">
      <class name="Tests.RegisterTest">
        <test-method status="PASS" signature="prepareEnvironment()[pri:0, instance:Tests.RegisterTest@347123dc]" name="prepareEnvironment" is-config="true" duration-ms="3821" started-at="2023-03-02T16:42:13 EET" finished-at="2023-03-02T16:42:16 EET">
          <reporter-output>
          </reporter-output>
        </test-method> <!-- prepareEnvironment -->
        <test-method status="PASS" signature="MetodaTest()[pri:0, instance:Tests.RegisterTest@347123dc]" name="MetodaTest" duration-ms="5666" started-at="2023-03-02T16:42:16 EET" finished-at="2023-03-02T16:42:22 EET">
          <reporter-output>
          </reporter-output>
        </test-method> <!-- MetodaTest -->
        <test-method status="PASS" signature="clearEnvironment(org.testng.ITestResult)[pri:0, instance:Tests.RegisterTest@347123dc]" name="clearEnvironment" is-config="true" duration-ms="666" started-at="2023-03-02T16:42:22 EET" finished-at="2023-03-02T16:42:23 EET">
          <params>
            <param index="0">
              <value>
                <![CDATA[[TestResult name=MetodaTest status=SUCCESS method=RegisterTest.MetodaTest()[pri:0, instance:Tests.RegisterTest@347123dc] output={null}]]]>
              </value>
            </param>
          </params>
          <reporter-output>
          </reporter-output>
        </test-method> <!-- clearEnvironment -->
      </class> <!-- Tests.RegisterTest -->
      <class name="Tests.AlertTest">
        <test-method status="PASS" signature="prepareEnvironment()[pri:0, instance:Tests.AlertTest@1e29a81a]" name="prepareEnvironment" is-config="true" duration-ms="3921" started-at="2023-03-02T16:42:13 EET" finished-at="2023-03-02T16:42:16 EET">
          <reporter-output>
          </reporter-output>
        </test-method> <!-- prepareEnvironment -->
        <test-method status="PASS" signature="MetodaTest()[pri:0, instance:Tests.AlertTest@1e29a81a]" name="MetodaTest" duration-ms="6075" started-at="2023-03-02T16:42:16 EET" finished-at="2023-03-02T16:42:23 EET">
          <reporter-output>
          </reporter-output>
        </test-method> <!-- MetodaTest -->
        <test-method status="PASS" signature="clearEnvironment(org.testng.ITestResult)[pri:0, instance:Tests.AlertTest@1e29a81a]" name="clearEnvironment" is-config="true" duration-ms="667" started-at="2023-03-02T16:42:23 EET" finished-at="2023-03-02T16:42:23 EET">
          <params>
            <param index="0">
              <value>
                <![CDATA[[TestResult name=MetodaTest status=SUCCESS method=AlertTest.MetodaTest()[pri:0, instance:Tests.AlertTest@1e29a81a] output={null}]]]>
              </value>
            </param>
          </params>
          <reporter-output>
          </reporter-output>
        </test-method> <!-- clearEnvironment -->
      </class> <!-- Tests.AlertTest -->
      <class name="Tests.WindowTest">
        <test-method status="PASS" signature="prepareEnvironment()[pri:0, instance:Tests.WindowTest@52433946]" name="prepareEnvironment" is-config="true" duration-ms="3911" started-at="2023-03-02T16:42:13 EET" finished-at="2023-03-02T16:42:16 EET">
          <reporter-output>
          </reporter-output>
        </test-method> <!-- prepareEnvironment -->
        <test-method status="PASS" signature="MetodaTest()[pri:0, instance:Tests.WindowTest@52433946]" name="MetodaTest" duration-ms="6356" started-at="2023-03-02T16:42:16 EET" finished-at="2023-03-02T16:42:23 EET">
          <reporter-output>
          </reporter-output>
        </test-method> <!-- MetodaTest -->
        <test-method status="PASS" signature="clearEnvironment(org.testng.ITestResult)[pri:0, instance:Tests.WindowTest@52433946]" name="clearEnvironment" is-config="true" duration-ms="1159" started-at="2023-03-02T16:42:23 EET" finished-at="2023-03-02T16:42:24 EET">
          <params>
            <param index="0">
              <value>
                <![CDATA[[TestResult name=MetodaTest status=SUCCESS method=WindowTest.MetodaTest()[pri:0, instance:Tests.WindowTest@52433946] output={null}]]]>
              </value>
            </param>
          </params>
          <reporter-output>
          </reporter-output>
        </test-method> <!-- clearEnvironment -->
      </class> <!-- Tests.WindowTest -->
      <class name="Tests.FrameTest">
        <test-method status="PASS" signature="prepareEnvironment()[pri:0, instance:Tests.FrameTest@1f7336b2]" name="prepareEnvironment" is-config="true" duration-ms="3815" started-at="2023-03-02T16:42:13 EET" finished-at="2023-03-02T16:42:16 EET">
          <reporter-output>
          </reporter-output>
        </test-method> <!-- prepareEnvironment -->
        <test-method status="PASS" signature="MetodaTest()[pri:0, instance:Tests.FrameTest@1f7336b2]" name="MetodaTest" duration-ms="35754" started-at="2023-03-02T16:42:16 EET" finished-at="2023-03-02T16:42:52 EET">
          <reporter-output>
          </reporter-output>
        </test-method> <!-- MetodaTest -->
        <test-method status="PASS" signature="clearEnvironment(org.testng.ITestResult)[pri:0, instance:Tests.FrameTest@1f7336b2]" name="clearEnvironment" is-config="true" duration-ms="647" started-at="2023-03-02T16:42:52 EET" finished-at="2023-03-02T16:42:53 EET">
          <params>
            <param index="0">
              <value>
                <![CDATA[[TestResult name=MetodaTest status=SUCCESS method=FrameTest.MetodaTest()[pri:0, instance:Tests.FrameTest@1f7336b2] output={null}]]]>
              </value>
            </param>
          </params>
          <reporter-output>
          </reporter-output>
        </test-method> <!-- clearEnvironment -->
      </class> <!-- Tests.FrameTest -->
      <class name="Tests.LoginTest">
        <test-method status="PASS" signature="prepareEnvironment()[pri:0, instance:Tests.LoginTest@4c030fe1]" name="prepareEnvironment" is-config="true" duration-ms="3882" started-at="2023-03-02T16:42:13 EET" finished-at="2023-03-02T16:42:16 EET">
          <reporter-output>
          </reporter-output>
        </test-method> <!-- prepareEnvironment -->
        <test-method status="PASS" signature="MetodaTest()[pri:0, instance:Tests.LoginTest@4c030fe1]" name="MetodaTest" duration-ms="1308" started-at="2023-03-02T16:42:16 EET" finished-at="2023-03-02T16:42:18 EET">
          <reporter-output>
          </reporter-output>
        </test-method> <!-- MetodaTest -->
        <test-method status="PASS" signature="clearEnvironment(org.testng.ITestResult)[pri:0, instance:Tests.LoginTest@4c030fe1]" name="clearEnvironment" is-config="true" duration-ms="837" started-at="2023-03-02T16:42:18 EET" finished-at="2023-03-02T16:42:19 EET">
          <params>
            <param index="0">
              <value>
                <![CDATA[[TestResult name=MetodaTest status=SUCCESS method=LoginTest.MetodaTest()[pri:0, instance:Tests.LoginTest@4c030fe1] output={null}]]]>
              </value>
            </param>
          </params>
          <reporter-output>
          </reporter-output>
        </test-method> <!-- clearEnvironment -->
      </class> <!-- Tests.LoginTest -->
    </test> <!-- Parallel Tests -->
  </suite> <!-- Testing Suite -->
</testng-results>
